0 info it worked if it ends with ok
1 verbose cli [ '/Users/yuchenshen/.nvm/versions/node/v6.9.4/bin/node',
1 verbose cli   '/Users/yuchenshen/.nvm/versions/node/v6.9.4/bin/npm',
1 verbose cli   'run',
1 verbose cli   'build:dev' ]
2 info using npm@3.10.10
3 info using node@v6.9.4
4 verbose run-script [ 'prebuild:dev', 'build:dev', 'postbuild:dev' ]
5 info lifecycle webpack-learn@1.0.0~prebuild:dev: webpack-learn@1.0.0
6 silly lifecycle webpack-learn@1.0.0~prebuild:dev: no script for prebuild:dev, continuing
7 info lifecycle webpack-learn@1.0.0~build:dev: webpack-learn@1.0.0
8 verbose lifecycle webpack-learn@1.0.0~build:dev: unsafe-perm in lifecycle true
9 verbose lifecycle webpack-learn@1.0.0~build:dev: PATH: /Users/yuchenshen/.nvm/versions/node/v6.9.4/lib/node_modules/npm/bin/node-gyp-bin:/Users/yuchenshen/study/webpack-learn/node_modules/.bin:/Users/yuchenshen/.nvm/versions/node/v6.9.4/bin:/usr/local/bin:/usr/bin:/bin:/usr/sbin:/sbin
10 verbose lifecycle webpack-learn@1.0.0~build:dev: CWD: /Users/yuchenshen/study/webpack-learn
11 silly lifecycle webpack-learn@1.0.0~build:dev: Args: [ '-c',
11 silly lifecycle   'webpack-dev-server --env=dev --progress --profile --colors' ]
12 info lifecycle webpack-learn@1.0.0~build:dev: Failed to exec build:dev script
13 verbose stack Error: webpack-learn@1.0.0 build:dev: `webpack-dev-server --env=dev --progress --profile --colors`
13 verbose stack spawn ENOENT
13 verbose stack     at ChildProcess.<anonymous> (/Users/yuchenshen/.nvm/versions/node/v6.9.4/lib/node_modules/npm/lib/utils/spawn.js:33:16)
13 verbose stack     at emitTwo (events.js:106:13)
13 verbose stack     at ChildProcess.emit (events.js:191:7)
13 verbose stack     at maybeClose (internal/child_process.js:877:16)
13 verbose stack     at Process.ChildProcess._handle.onexit (internal/child_process.js:226:5)
14 verbose pkgid webpack-learn@1.0.0
15 verbose cwd /Users/yuchenshen/study/webpack-learn
16 error Darwin 16.4.0
17 error argv "/Users/yuchenshen/.nvm/versions/node/v6.9.4/bin/node" "/Users/yuchenshen/.nvm/versions/node/v6.9.4/bin/npm" "run" "build:dev"
18 error node v6.9.4
19 error npm  v3.10.10
20 error file sh
21 error code ELIFECYCLE
22 error errno ENOENT
23 error syscall spawn
24 error webpack-learn@1.0.0 build:dev: `webpack-dev-server --env=dev --progress --profile --colors`
24 error spawn ENOENT
25 error Failed at the webpack-learn@1.0.0 build:dev script 'webpack-dev-server --env=dev --progress --profile --colors'.
25 error Make sure you have the latest version of node.js and npm installed.
25 error If you do, this is most likely a problem with the webpack-learn package,
25 error not with npm itself.
25 error Tell the author that this fails on your system:
25 error     webpack-dev-server --env=dev --progress --profile --colors
25 error You can get information on how to open an issue for this project with:
25 error     npm bugs webpack-learn
25 error Or if that isn't available, you can get their info via:
25 error     npm owner ls webpack-learn
25 error There is likely additional logging output above.
26 verbose exit [ 1, true ]
